<?xml version="1.0" encoding="UTF-8"?>
<testsuite name="com.wayfair.payments.PaymentsServiceMainTest" tests="1" skipped="0" failures="0" errors="0" timestamp="2022-03-30T17:10:40" hostname="LAPTOP-R4S5NVGO" time="0.653">
  <properties/>
  <testcase name="swagger()" classname="com.wayfair.payments.PaymentsServiceMainTest" time="0.653"/>
  <system-out><![CDATA[22:40:36.463 [Test worker] DEBUG org.springframework.test.context.BootstrapUtils - Instantiating CacheAwareContextLoaderDelegate from class [org.springframework.test.context.cache.DefaultCacheAwareContextLoaderDelegate]
22:40:36.475 [Test worker] DEBUG org.springframework.test.context.BootstrapUtils - Instantiating BootstrapContext using constructor [public org.springframework.test.context.support.DefaultBootstrapContext(java.lang.Class,org.springframework.test.context.CacheAwareContextLoaderDelegate)]
22:40:36.503 [Test worker] DEBUG org.springframework.test.context.BootstrapUtils - Instantiating TestContextBootstrapper for test class [com.wayfair.payments.PaymentsServiceMainTest] from class [org.springframework.boot.test.context.SpringBootTestContextBootstrapper]
22:40:36.516 [Test worker] INFO org.springframework.boot.test.context.SpringBootTestContextBootstrapper - Neither @ContextConfiguration nor @ContextHierarchy found for test class [com.wayfair.payments.PaymentsServiceMainTest], using SpringBootContextLoader
22:40:36.520 [Test worker] DEBUG org.springframework.test.context.support.AbstractContextLoader - Did not detect default resource location for test class [com.wayfair.payments.PaymentsServiceMainTest]: class path resource [com/wayfair/payments/PaymentsServiceMainTest-context.xml] does not exist
22:40:36.521 [Test worker] DEBUG org.springframework.test.context.support.AbstractContextLoader - Did not detect default resource location for test class [com.wayfair.payments.PaymentsServiceMainTest]: class path resource [com/wayfair/payments/PaymentsServiceMainTestContext.groovy] does not exist
22:40:36.521 [Test worker] INFO org.springframework.test.context.support.AbstractContextLoader - Could not detect default resource locations for test class [com.wayfair.payments.PaymentsServiceMainTest]: no resource found for suffixes {-context.xml, Context.groovy}.
22:40:36.523 [Test worker] INFO org.springframework.test.context.support.AnnotationConfigContextLoaderUtils - Could not detect default configuration classes for test class [com.wayfair.payments.PaymentsServiceMainTest]: PaymentsServiceMainTest does not declare any static, non-private, non-final, nested classes annotated with @Configuration.
22:40:36.575 [Test worker] DEBUG org.springframework.test.context.support.ActiveProfilesUtils - Could not find an 'annotation declaring class' for annotation type [org.springframework.test.context.ActiveProfiles] and class [com.wayfair.payments.PaymentsServiceMainTest]
22:40:36.714 [Test worker] DEBUG org.springframework.context.annotation.ClassPathScanningCandidateComponentProvider - Identified candidate component class: file [C:\Users\khyati\intellj-workspace\java-spring-take-home-khyati777\payments-service\build\classes\java\main\com\wayfair\payments\PaymentsServiceMain.class]
22:40:36.724 [Test worker] INFO org.springframework.boot.test.context.SpringBootTestContextBootstrapper - Found @SpringBootConfiguration com.wayfair.payments.PaymentsServiceMain for test class com.wayfair.payments.PaymentsServiceMainTest
22:40:36.816 [Test worker] DEBUG org.springframework.boot.test.context.SpringBootTestContextBootstrapper - @TestExecutionListeners is not present for class [com.wayfair.payments.PaymentsServiceMainTest]: using defaults.
22:40:36.817 [Test worker] INFO org.springframework.boot.test.context.SpringBootTestContextBootstrapper - Loaded default TestExecutionListener class names from location [META-INF/spring.factories]: [org.springframework.boot.test.autoconfigure.restdocs.RestDocsTestExecutionListener, org.springframework.boot.test.autoconfigure.web.client.MockRestServiceServerResetTestExecutionListener, org.springframework.boot.test.autoconfigure.web.servlet.MockMvcPrintOnlyOnFailureTestExecutionListener, org.springframework.boot.test.autoconfigure.web.servlet.WebDriverTestExecutionListener, org.springframework.boot.test.autoconfigure.webservices.client.MockWebServiceServerTestExecutionListener, org.springframework.boot.test.mock.mockito.MockitoTestExecutionListener, org.springframework.boot.test.mock.mockito.ResetMocksTestExecutionListener, org.springframework.test.context.web.ServletTestExecutionListener, org.springframework.test.context.support.DirtiesContextBeforeModesTestExecutionListener, org.springframework.test.context.support.DependencyInjectionTestExecutionListener, org.springframework.test.context.support.DirtiesContextTestExecutionListener, org.springframework.test.context.transaction.TransactionalTestExecutionListener, org.springframework.test.context.jdbc.SqlScriptsTestExecutionListener, org.springframework.test.context.event.EventPublishingTestExecutionListener]
22:40:36.827 [Test worker] DEBUG org.springframework.boot.test.context.SpringBootTestContextBootstrapper - Skipping candidate TestExecutionListener [org.springframework.test.context.transaction.TransactionalTestExecutionListener] due to a missing dependency. Specify custom listener classes or make the default listener classes and their required dependencies available. Offending class: [org/springframework/transaction/interceptor/TransactionAttributeSource]
22:40:36.828 [Test worker] DEBUG org.springframework.boot.test.context.SpringBootTestContextBootstrapper - Skipping candidate TestExecutionListener [org.springframework.test.context.jdbc.SqlScriptsTestExecutionListener] due to a missing dependency. Specify custom listener classes or make the default listener classes and their required dependencies available. Offending class: [org/springframework/transaction/interceptor/TransactionAttribute]
22:40:36.828 [Test worker] INFO org.springframework.boot.test.context.SpringBootTestContextBootstrapper - Using TestExecutionListeners: [org.springframework.test.context.web.ServletTestExecutionListener@649d9731, org.springframework.test.context.support.DirtiesContextBeforeModesTestExecutionListener@10a5e288, org.springframework.boot.test.mock.mockito.MockitoTestExecutionListener@c3df63c, org.springframework.boot.test.autoconfigure.SpringBootDependencyInjectionTestExecutionListener@72e50a54, org.springframework.test.context.support.DirtiesContextTestExecutionListener@7ac93f26, org.springframework.test.context.event.EventPublishingTestExecutionListener@45c72355, org.springframework.boot.test.autoconfigure.restdocs.RestDocsTestExecutionListener@26a8a1c7, org.springframework.boot.test.autoconfigure.web.client.MockRestServiceServerResetTestExecutionListener@7c45b8ec, org.springframework.boot.test.autoconfigure.web.servlet.MockMvcPrintOnlyOnFailureTestExecutionListener@4f46884d, org.springframework.boot.test.autoconfigure.web.servlet.WebDriverTestExecutionListener@3367d77b, org.springframework.boot.test.autoconfigure.webservices.client.MockWebServiceServerTestExecutionListener@50a2fe49, org.springframework.boot.test.mock.mockito.ResetMocksTestExecutionListener@171be69]
22:40:36.832 [Test worker] DEBUG org.springframework.test.context.support.AbstractDirtiesContextTestExecutionListener - Before test class: context [DefaultTestContext@265a97ea testClass = PaymentsServiceMainTest, testInstance = [null], testMethod = [null], testException = [null], mergedContextConfiguration = [WebMergedContextConfiguration@3b9f0d24 testClass = PaymentsServiceMainTest, locations = '{}', classes = '{class com.wayfair.payments.PaymentsServiceMain}', contextInitializerClasses = '[]', activeProfiles = '{}', propertySourceLocations = '{}', propertySourceProperties = '{org.springframework.boot.test.context.SpringBootTestContextBootstrapper=true, server.port=0}', contextCustomizers = set[org.springframework.boot.test.autoconfigure.properties.PropertyMappingContextCustomizer@0, org.springframework.boot.test.autoconfigure.web.servlet.WebDriverContextCustomizerFactory$Customizer@594ebce3, org.springframework.boot.test.context.filter.ExcludeFilterContextCustomizer@412052e3, org.springframework.boot.test.json.DuplicateJsonObjectContextCustomizerFactory$DuplicateJsonObjectContextCustomizer@15d05a4f, org.springframework.boot.test.mock.mockito.MockitoContextCustomizer@0, org.springframework.boot.test.web.client.TestRestTemplateContextCustomizer@25305ebc, org.springframework.boot.test.context.SpringBootTestArgs@1], resourceBasePath = 'src/main/webapp', contextLoader = 'org.springframework.boot.test.context.SpringBootContextLoader', parent = [null]], attributes = map['org.springframework.test.context.web.ServletTestExecutionListener.activateListener' -> false]], class annotated with @DirtiesContext [false] with mode [null].
22:40:36.845 [Test worker] DEBUG org.springframework.test.context.support.DependencyInjectionTestExecutionListener - Performing dependency injection for test context [[DefaultTestContext@265a97ea testClass = PaymentsServiceMainTest, testInstance = com.wayfair.payments.PaymentsServiceMainTest@54555335, testMethod = [null], testException = [null], mergedContextConfiguration = [WebMergedContextConfiguration@3b9f0d24 testClass = PaymentsServiceMainTest, locations = '{}', classes = '{class com.wayfair.payments.PaymentsServiceMain}', contextInitializerClasses = '[]', activeProfiles = '{}', propertySourceLocations = '{}', propertySourceProperties = '{org.springframework.boot.test.context.SpringBootTestContextBootstrapper=true, server.port=0}', contextCustomizers = set[org.springframework.boot.test.autoconfigure.properties.PropertyMappingContextCustomizer@0, org.springframework.boot.test.autoconfigure.web.servlet.WebDriverContextCustomizerFactory$Customizer@594ebce3, org.springframework.boot.test.context.filter.ExcludeFilterContextCustomizer@412052e3, org.springframework.boot.test.json.DuplicateJsonObjectContextCustomizerFactory$DuplicateJsonObjectContextCustomizer@15d05a4f, org.springframework.boot.test.mock.mockito.MockitoContextCustomizer@0, org.springframework.boot.test.web.client.TestRestTemplateContextCustomizer@25305ebc, org.springframework.boot.test.context.SpringBootTestArgs@1], resourceBasePath = 'src/main/webapp', contextLoader = 'org.springframework.boot.test.context.SpringBootContextLoader', parent = [null]], attributes = map['org.springframework.test.context.web.ServletTestExecutionListener.activateListener' -> false]]].
22:40:36.863 [Test worker] DEBUG org.springframework.test.context.support.TestPropertySourceUtils - Adding inlined properties to environment: {spring.jmx.enabled=false, org.springframework.boot.test.context.SpringBootTestContextBootstrapper=true, server.port=0}

  .   ____          _            __ _ _
 /\\ / ___'_ __ _ _(_)_ __  __ _ \ \ \ \
( ( )\___ | '_ | '_| | '_ \/ _` | \ \ \ \
 \\/  ___)| |_)| | | | | || (_| |  ) ) ) )
  '  |____| .__|_| |_|_| |_\__, | / / / /
 =========|_|==============|___/=/_/_/_/
 :: Spring Boot ::        (v2.3.1.RELEASE)

2022-03-30 22:40:37.340  INFO 28168 --- [    Test worker] c.w.payments.PaymentsServiceMainTest     : Starting PaymentsServiceMainTest on LAPTOP-R4S5NVGO with PID 28168 (started by khyati in C:\Users\khyati\intellj-workspace\java-spring-take-home-khyati777\payments-service)
2022-03-30 22:40:37.341  INFO 28168 --- [    Test worker] c.w.payments.PaymentsServiceMainTest     : The following profiles are active: local
2022-03-30 22:40:38.903  INFO 28168 --- [    Test worker] o.s.b.w.embedded.tomcat.TomcatWebServer  : Tomcat initialized with port(s): 0 (http)
2022-03-30 22:40:38.918  INFO 28168 --- [    Test worker] o.apache.catalina.core.StandardService   : Starting service [Tomcat]
2022-03-30 22:40:38.918  INFO 28168 --- [    Test worker] org.apache.catalina.core.StandardEngine  : Starting Servlet engine: [Apache Tomcat/9.0.36]
2022-03-30 22:40:39.077  INFO 28168 --- [    Test worker] o.a.c.c.C.[Tomcat].[localhost].[/]       : Initializing Spring embedded WebApplicationContext
2022-03-30 22:40:39.077  INFO 28168 --- [    Test worker] w.s.c.ServletWebServerApplicationContext : Root WebApplicationContext: initialization completed in 1699 ms
2022-03-30 22:40:39.717  INFO 28168 --- [    Test worker] o.s.s.concurrent.ThreadPoolTaskExecutor  : Initializing ExecutorService 'applicationTaskExecutor'
2022-03-30 22:40:40.789  INFO 28168 --- [    Test worker] o.s.b.a.e.web.EndpointLinksResolver      : Exposing 2 endpoint(s) beneath base path '/actuator'
2022-03-30 22:40:40.888  INFO 28168 --- [    Test worker] o.s.b.w.embedded.tomcat.TomcatWebServer  : Tomcat started on port(s): 65082 (http) with context path ''
2022-03-30 22:40:40.906  INFO 28168 --- [    Test worker] c.w.payments.PaymentsServiceMainTest     : Started PaymentsServiceMainTest in 4.039 seconds (JVM running for 5.628)
2022-03-30 22:40:41.441  INFO 28168 --- [o-auto-1-exec-1] o.a.c.c.C.[Tomcat].[localhost].[/]       : Initializing Spring DispatcherServlet 'dispatcherServlet'
2022-03-30 22:40:41.442  INFO 28168 --- [o-auto-1-exec-1] o.s.web.servlet.DispatcherServlet        : Initializing Servlet 'dispatcherServlet'
2022-03-30 22:40:41.470  INFO 28168 --- [o-auto-1-exec-1] o.s.web.servlet.DispatcherServlet        : Completed initialization in 28 ms
]]></system-out>
  <system-err><![CDATA[]]></system-err>
</testsuite>
